Flow report for counter
Wed Sep 21 13:38:57 2022
Quartus Prime Version 20.1.0 Build 711 06/05/2020 SJ Lite Edition


---------------------
; Table of Contents ;
---------------------
  1. Legal Notice
  2. Flow Summary
  3. Flow Settings
  4. Flow Non-Default Global Settings
  5. Flow Elapsed Time
  6. Flow OS Summary
  7. Flow Log
  8. Flow Messages
  9. Flow Suppressed Messages



----------------
; Legal Notice ;
----------------
Copyright (C) 2020  Intel Corporation. All rights reserved.
Your use of Intel Corporation's design tools, logic functions 
and other software and tools, and any partner logic 
functions, and any output files from any of the foregoing 
(including device programming or simulation files), and any 
associated documentation or information are expressly subject 
to the terms and conditions of the Intel Program License 
Subscription Agreement, the Intel Quartus Prime License Agreement,
the Intel FPGA IP License Agreement, or other applicable license
agreement, including, without limitation, that your use is for
the sole purpose of programming logic devices manufactured by
Intel and sold by Intel or its authorized distributors.  Please
refer to the applicable agreement for further details, at
https://fpgasoftware.intel.com/eula.



+----------------------------------------------------------------------------------+
; Flow Summary                                                                     ;
+------------------------------------+---------------------------------------------+
; Flow Status                        ; Successful - Wed Sep 21 13:38:57 2022       ;
; Quartus Prime Version              ; 20.1.0 Build 711 06/05/2020 SJ Lite Edition ;
; Revision Name                      ; counter                                     ;
; Top-level Entity Name              ; counter                                     ;
; Family                             ; Cyclone IV E                                ;
; Total logic elements               ; 61 / 6,272 ( < 1 % )                        ;
;     Total combinational functions  ; 61 / 6,272 ( < 1 % )                        ;
;     Dedicated logic registers      ; 37 / 6,272 ( < 1 % )                        ;
; Total registers                    ; 37                                          ;
; Total pins                         ; 6 / 92 ( 7 % )                              ;
; Total virtual pins                 ; 0                                           ;
; Total memory bits                  ; 0 / 276,480 ( 0 % )                         ;
; Embedded Multiplier 9-bit elements ; 0 / 30 ( 0 % )                              ;
; Total PLLs                         ; 0 / 2 ( 0 % )                               ;
; Device                             ; EP4CE6E22C6                                 ;
; Timing Models                      ; Final                                       ;
+------------------------------------+---------------------------------------------+


+-----------------------------------------+
; Flow Settings                           ;
+-------------------+---------------------+
; Option            ; Setting             ;
+-------------------+---------------------+
; Start date & time ; 09/21/2022 13:34:23 ;
; Main task         ; Compilation         ;
; Revision Name     ; counter             ;
+-------------------+---------------------+


+----------------------------------------------------------------------------------------------------------------------------------+
; Flow Non-Default Global Settings                                                                                                 ;
+--------------------------------+-------------------------------+--------------------------------------+-------------+------------+
; Assignment Name                ; Value                         ; Default Value                        ; Entity Name ; Section Id ;
+--------------------------------+-------------------------------+--------------------------------------+-------------+------------+
; COMPILER_SIGNATURE_ID          ; 8796747957117.166375646330459 ; --                                   ; --          ; --         ;
; PROJECT_IP_REGENERATION_POLICY ; ALWAYS_REGENERATE_IP          ; SKIP_REGENERATING_IP_IF_HDL_MODIFIED ; --          ; --         ;
+--------------------------------+-------------------------------+--------------------------------------+-------------+------------+


+--------------------------------------------------------------------------------------------------------------------------+
; Flow Elapsed Time                                                                                                        ;
+----------------------+--------------+-------------------------+---------------------+------------------------------------+
; Module Name          ; Elapsed Time ; Average Processors Used ; Peak Virtual Memory ; Total CPU Time (on all processors) ;
+----------------------+--------------+-------------------------+---------------------+------------------------------------+
; Analysis & Synthesis ; 00:00:07     ; 1.0                     ; 419 MB              ; 00:00:12                           ;
; Fitter               ; 00:00:04     ; 1.0                     ; 1077 MB             ; 00:00:04                           ;
; Fitter               ; 00:00:03     ; 1.0                     ; 1074 MB             ; 00:00:03                           ;
; Assembler            ; 00:00:00     ; 1.0                     ; 341 MB              ; 00:00:00                           ;
; Total                ; 00:00:14     ; --                      ; --                  ; 00:00:19                           ;
+----------------------+--------------+-------------------------+---------------------+------------------------------------+


+----------------------------------------------------------------------------------------+
; Flow OS Summary                                                                        ;
+----------------------+------------------+----------------+------------+----------------+
; Module Name          ; Machine Hostname ; OS Name        ; OS Version ; Processor type ;
+----------------------+------------------+----------------+------------+----------------+
; Analysis & Synthesis ; user             ; Ubuntu 20.04.5 ; 20         ; x86_64         ;
; Fitter               ; user             ; Ubuntu 20.04.5 ; 20         ; x86_64         ;
; Fitter               ; user             ; Ubuntu 20.04.5 ; 20         ; x86_64         ;
; Assembler            ; user             ; Ubuntu 20.04.5 ; 20         ; x86_64         ;
+----------------------+------------------+----------------+------------+----------------+


------------
; Flow Log ;
------------
quartus_map counter --source=../src/counter.v
quartus_fit counter
quartus_fit counter
quartus_asm counter



